2019-06-29T00:01:44+00:00 CRITICAL Uncaught Error: Using $this when not in object context in /opt/lampp/htdocs/oxiumprint/wp-content/plugins/coode-price-calculator/filters/FilterPcs.php:34
Stack trace:
#0 /opt/lampp/htdocs/oxiumprint/wp-content/plugins/coode-price-calculator/PriceCalculator.php(103): FilterPCs::getPrice('1', Array)
#1 /opt/lampp/htdocs/oxiumprint/wp-includes/class-wp-hook.php(286): PriceCalculator->custom_price_to_cart_item(Object(WC_Cart))
#2 /opt/lampp/htdocs/oxiumprint/wp-includes/class-wp-hook.php(310): WP_Hook->apply_filters(NULL, Array)
#3 /opt/lampp/htdocs/oxiumprint/wp-includes/plugin.php(465): WP_Hook->do_action(Array)
#4 /opt/lampp/htdocs/oxiumprint/wp-content/plugins/woocommerce/includes/class-wc-cart.php(1234): do_action('woocommerce_bef...', Object(WC_Cart))
#5 /opt/lampp/htdocs/oxiumprint/wp-content/plugins/woocommerce/includes/class-wc-cart-session.php(140): WC_Cart->calculate_totals()
#6 /opt/lampp/htdocs/oxiumprint/wp-includes/class-wp-hook.php(286): WC_Cart_Session->get_cart_from_session('')
#7 /opt/lampp/htd

2019-06-29T00:03:41+00:00 CRITICAL Uncaught Error: Using $this when not in object context in /opt/lampp/htdocs/oxiumprint/wp-content/plugins/coode-price-calculator/filters/FilterPcs.php:34
Stack trace:
#0 /opt/lampp/htdocs/oxiumprint/wp-content/plugins/coode-price-calculator/PriceCalculator.php(103): FilterPCs::getPrice('1', Array)
#1 /opt/lampp/htdocs/oxiumprint/wp-includes/class-wp-hook.php(286): PriceCalculator->custom_price_to_cart_item(Object(WC_Cart))
#2 /opt/lampp/htdocs/oxiumprint/wp-includes/class-wp-hook.php(310): WP_Hook->apply_filters(NULL, Array)
#3 /opt/lampp/htdocs/oxiumprint/wp-includes/plugin.php(465): WP_Hook->do_action(Array)
#4 /opt/lampp/htdocs/oxiumprint/wp-content/plugins/woocommerce/includes/class-wc-cart.php(1234): do_action('woocommerce_bef...', Object(WC_Cart))
#5 /opt/lampp/htdocs/oxiumprint/wp-content/plugins/woocommerce/includes/class-wc-cart-session.php(140): WC_Cart->calculate_totals()
#6 /opt/lampp/htdocs/oxiumprint/wp-includes/class-wp-hook.php(286): WC_Cart_Session->get_cart_from_session('')
#7 /opt/lampp/htd

2019-06-29T00:03:50+00:00 CRITICAL Uncaught Error: Using $this when not in object context in /opt/lampp/htdocs/oxiumprint/wp-content/plugins/coode-price-calculator/filters/FilterPcs.php:34
Stack trace:
#0 /opt/lampp/htdocs/oxiumprint/wp-content/plugins/coode-price-calculator/PriceCalculator.php(103): FilterPCs::getPrice('1', Array)
#1 /opt/lampp/htdocs/oxiumprint/wp-includes/class-wp-hook.php(286): PriceCalculator->custom_price_to_cart_item(Object(WC_Cart))
#2 /opt/lampp/htdocs/oxiumprint/wp-includes/class-wp-hook.php(310): WP_Hook->apply_filters(NULL, Array)
#3 /opt/lampp/htdocs/oxiumprint/wp-includes/plugin.php(465): WP_Hook->do_action(Array)
#4 /opt/lampp/htdocs/oxiumprint/wp-content/plugins/woocommerce/includes/class-wc-cart.php(1234): do_action('woocommerce_bef...', Object(WC_Cart))
#5 /opt/lampp/htdocs/oxiumprint/wp-content/plugins/woocommerce/includes/class-wc-cart-session.php(140): WC_Cart->calculate_totals()
#6 /opt/lampp/htdocs/oxiumprint/wp-includes/class-wp-hook.php(286): WC_Cart_Session->get_cart_from_session('')
#7 /opt/lampp/htd

2019-06-29T00:04:00+00:00 CRITICAL Uncaught Error: Using $this when not in object context in /opt/lampp/htdocs/oxiumprint/wp-content/plugins/coode-price-calculator/filters/FilterPcs.php:34
Stack trace:
#0 /opt/lampp/htdocs/oxiumprint/wp-content/plugins/coode-price-calculator/PriceCalculator.php(103): FilterPCs::getPrice('1', Array)
#1 /opt/lampp/htdocs/oxiumprint/wp-includes/class-wp-hook.php(286): PriceCalculator->custom_price_to_cart_item(Object(WC_Cart))
#2 /opt/lampp/htdocs/oxiumprint/wp-includes/class-wp-hook.php(310): WP_Hook->apply_filters(NULL, Array)
#3 /opt/lampp/htdocs/oxiumprint/wp-includes/plugin.php(465): WP_Hook->do_action(Array)
#4 /opt/lampp/htdocs/oxiumprint/wp-content/plugins/woocommerce/includes/class-wc-cart.php(1234): do_action('woocommerce_bef...', Object(WC_Cart))
#5 /opt/lampp/htdocs/oxiumprint/wp-content/plugins/woocommerce/includes/class-wc-cart-session.php(140): WC_Cart->calculate_totals()
#6 /opt/lampp/htdocs/oxiumprint/wp-includes/class-wp-hook.php(286): WC_Cart_Session->get_cart_from_session('')
#7 /opt/lampp/htd

2019-06-29T00:16:43+00:00 CRITICAL Uncaught Error: Call to undefined method PriceCalculator::getProductByAttr() in /opt/lampp/htdocs/oxiumprint/wp-content/plugins/coode-price-calculator/PriceCalculator.php:104
Stack trace:
#0 /opt/lampp/htdocs/oxiumprint/wp-includes/class-wp-hook.php(286): PriceCalculator->custom_price_to_cart_item(Object(WC_Cart))
#1 /opt/lampp/htdocs/oxiumprint/wp-includes/class-wp-hook.php(310): WP_Hook->apply_filters(NULL, Array)
#2 /opt/lampp/htdocs/oxiumprint/wp-includes/plugin.php(465): WP_Hook->do_action(Array)
#3 /opt/lampp/htdocs/oxiumprint/wp-content/plugins/woocommerce/includes/class-wc-cart.php(1234): do_action('woocommerce_bef...', Object(WC_Cart))
#4 /opt/lampp/htdocs/oxiumprint/wp-content/plugins/woocommerce/includes/class-wc-cart-session.php(140): WC_Cart->calculate_totals()
#5 /opt/lampp/htdocs/oxiumprint/wp-includes/class-wp-hook.php(286): WC_Cart_Session->get_cart_from_session('')
#6 /opt/lampp/htdocs/oxiumprint/wp-includes/class-wp-hook.php(310): WP_Hook->apply_filters(NULL, Array)
#7 /opt/lampp/htdocs/oxi

2019-06-29T00:18:26+00:00 CRITICAL Uncaught Error: Class 'Pcs' not found in /opt/lampp/htdocs/oxiumprint/wp-content/plugins/coode-price-calculator/PriceCalculator.php:105
Stack trace:
#0 /opt/lampp/htdocs/oxiumprint/wp-includes/class-wp-hook.php(286): PriceCalculator->custom_price_to_cart_item(Object(WC_Cart))
#1 /opt/lampp/htdocs/oxiumprint/wp-includes/class-wp-hook.php(310): WP_Hook->apply_filters(NULL, Array)
#2 /opt/lampp/htdocs/oxiumprint/wp-includes/plugin.php(465): WP_Hook->do_action(Array)
#3 /opt/lampp/htdocs/oxiumprint/wp-content/plugins/woocommerce/includes/class-wc-cart.php(1234): do_action('woocommerce_bef...', Object(WC_Cart))
#4 /opt/lampp/htdocs/oxiumprint/wp-content/plugins/woocommerce/includes/class-wc-cart-session.php(140): WC_Cart->calculate_totals()
#5 /opt/lampp/htdocs/oxiumprint/wp-includes/class-wp-hook.php(286): WC_Cart_Session->get_cart_from_session('')
#6 /opt/lampp/htdocs/oxiumprint/wp-includes/class-wp-hook.php(310): WP_Hook->apply_filters(NULL, Array)
#7 /opt/lampp/htdocs/oxiumprint/wp-includes/plugin.php(465): WP

2019-06-29T00:19:20+00:00 CRITICAL Uncaught Error: Call to undefined function get() in /opt/lampp/htdocs/oxiumprint/wp-content/plugins/coode-price-calculator/PriceCalculator.php:107
Stack trace:
#0 /opt/lampp/htdocs/oxiumprint/wp-includes/class-wp-hook.php(286): PriceCalculator->custom_price_to_cart_item(Object(WC_Cart))
#1 /opt/lampp/htdocs/oxiumprint/wp-includes/class-wp-hook.php(310): WP_Hook->apply_filters(NULL, Array)
#2 /opt/lampp/htdocs/oxiumprint/wp-includes/plugin.php(465): WP_Hook->do_action(Array)
#3 /opt/lampp/htdocs/oxiumprint/wp-content/plugins/woocommerce/includes/class-wc-cart.php(1234): do_action('woocommerce_bef...', Object(WC_Cart))
#4 /opt/lampp/htdocs/oxiumprint/wp-content/plugins/woocommerce/includes/class-wc-cart-session.php(140): WC_Cart->calculate_totals()
#5 /opt/lampp/htdocs/oxiumprint/wp-includes/class-wp-hook.php(286): WC_Cart_Session->get_cart_from_session('')
#6 /opt/lampp/htdocs/oxiumprint/wp-includes/class-wp-hook.php(310): WP_Hook->apply_filters(NULL, Array)
#7 /opt/lampp/htdocs/oxiumprint/wp-includes/plugin.p

2019-06-29T00:19:55+00:00 CRITICAL Uncaught Exception: SQL Injection attack detected. name changed! in /opt/lampp/htdocs/oxiumprint/wp-content/plugins/coode-price-calculator/db/Filter.php:10
Stack trace:
#0 /opt/lampp/htdocs/oxiumprint/wp-content/plugins/coode-price-calculator/PriceCalculator.php(107): Filter::get('coode_pc_filter...', '1')
#1 /opt/lampp/htdocs/oxiumprint/wp-includes/class-wp-hook.php(286): PriceCalculator->custom_price_to_cart_item(Object(WC_Cart))
#2 /opt/lampp/htdocs/oxiumprint/wp-includes/class-wp-hook.php(310): WP_Hook->apply_filters(NULL, Array)
#3 /opt/lampp/htdocs/oxiumprint/wp-includes/plugin.php(465): WP_Hook->do_action(Array)
#4 /opt/lampp/htdocs/oxiumprint/wp-content/plugins/woocommerce/includes/class-wc-cart.php(1234): do_action('woocommerce_bef...', Object(WC_Cart))
#5 /opt/lampp/htdocs/oxiumprint/wp-content/plugins/woocommerce/includes/class-wc-cart-session.php(140): WC_Cart->calculate_totals()
#6 /opt/lampp/htdocs/oxiumprint/wp-includes/class-wp-hook.php(286): WC_Cart_Session->get_cart_from_session('')
#7 /opt/

2019-06-29T00:22:24+00:00 CRITICAL Uncaught Exception: SQL Injection attack detected. name changed! in /opt/lampp/htdocs/oxiumprint/wp-content/plugins/coode-price-calculator/db/Filter.php:11
Stack trace:
#0 /opt/lampp/htdocs/oxiumprint/wp-content/plugins/coode-price-calculator/PriceCalculator.php(107): Filter::get('coode_pc_filter...', '1')
#1 /opt/lampp/htdocs/oxiumprint/wp-includes/class-wp-hook.php(286): PriceCalculator->custom_price_to_cart_item(Object(WC_Cart))
#2 /opt/lampp/htdocs/oxiumprint/wp-includes/class-wp-hook.php(310): WP_Hook->apply_filters(NULL, Array)
#3 /opt/lampp/htdocs/oxiumprint/wp-includes/plugin.php(465): WP_Hook->do_action(Array)
#4 /opt/lampp/htdocs/oxiumprint/wp-content/plugins/woocommerce/includes/class-wc-cart.php(1234): do_action('woocommerce_bef...', Object(WC_Cart))
#5 /opt/lampp/htdocs/oxiumprint/wp-content/plugins/woocommerce/includes/class-wc-cart-session.php(140): WC_Cart->calculate_totals()
#6 /opt/lampp/htdocs/oxiumprint/wp-includes/class-wp-hook.php(286): WC_Cart_Session->get_cart_from_session('')
#7 /opt/

2019-06-29T00:23:30+00:00 CRITICAL Uncaught Exception: SQL Injection attack detected. name changed! in /opt/lampp/htdocs/oxiumprint/wp-content/plugins/coode-price-calculator/db/Filter.php:11
Stack trace:
#0 /opt/lampp/htdocs/oxiumprint/wp-content/plugins/coode-price-calculator/PriceCalculator.php(108): Filter::get('coode_pc_filter...', '1')
#1 /opt/lampp/htdocs/oxiumprint/wp-includes/class-wp-hook.php(286): PriceCalculator->custom_price_to_cart_item(Object(WC_Cart))
#2 /opt/lampp/htdocs/oxiumprint/wp-includes/class-wp-hook.php(310): WP_Hook->apply_filters(NULL, Array)
#3 /opt/lampp/htdocs/oxiumprint/wp-includes/plugin.php(465): WP_Hook->do_action(Array)
#4 /opt/lampp/htdocs/oxiumprint/wp-content/plugins/woocommerce/includes/class-wc-cart.php(1234): do_action('woocommerce_bef...', Object(WC_Cart))
#5 /opt/lampp/htdocs/oxiumprint/wp-content/plugins/woocommerce/includes/class-wc-cart-session.php(140): WC_Cart->calculate_totals()
#6 /opt/lampp/htdocs/oxiumprint/wp-includes/class-wp-hook.php(286): WC_Cart_Session->get_cart_from_session('')
#7 /opt/

2019-06-29T00:23:43+00:00 CRITICAL Uncaught Exception: SQL Injection attack detected. name changed! in /opt/lampp/htdocs/oxiumprint/wp-content/plugins/coode-price-calculator/db/Filter.php:11
Stack trace:
#0 /opt/lampp/htdocs/oxiumprint/wp-content/plugins/coode-price-calculator/PriceCalculator.php(109): Filter::get('coode_pc_filter...', '1')
#1 /opt/lampp/htdocs/oxiumprint/wp-includes/class-wp-hook.php(286): PriceCalculator->custom_price_to_cart_item(Object(WC_Cart))
#2 /opt/lampp/htdocs/oxiumprint/wp-includes/class-wp-hook.php(310): WP_Hook->apply_filters(NULL, Array)
#3 /opt/lampp/htdocs/oxiumprint/wp-includes/plugin.php(465): WP_Hook->do_action(Array)
#4 /opt/lampp/htdocs/oxiumprint/wp-content/plugins/woocommerce/includes/class-wc-cart.php(1234): do_action('woocommerce_bef...', Object(WC_Cart))
#5 /opt/lampp/htdocs/oxiumprint/wp-content/plugins/woocommerce/includes/class-wc-cart-session.php(140): WC_Cart->calculate_totals()
#6 /opt/lampp/htdocs/oxiumprint/wp-includes/class-wp-hook.php(286): WC_Cart_Session->get_cart_from_session('')
#7 /opt/

2019-06-29T00:24:03+00:00 CRITICAL Uncaught Exception: SQL Injection attack detected. name changed! in /opt/lampp/htdocs/oxiumprint/wp-content/plugins/coode-price-calculator/db/Filter.php:11
Stack trace:
#0 /opt/lampp/htdocs/oxiumprint/wp-content/plugins/coode-price-calculator/PriceCalculator.php(108): Filter::get('coode_pc_filter...', '1')
#1 /opt/lampp/htdocs/oxiumprint/wp-includes/class-wp-hook.php(286): PriceCalculator->custom_price_to_cart_item(Object(WC_Cart))
#2 /opt/lampp/htdocs/oxiumprint/wp-includes/class-wp-hook.php(310): WP_Hook->apply_filters(NULL, Array)
#3 /opt/lampp/htdocs/oxiumprint/wp-includes/plugin.php(465): WP_Hook->do_action(Array)
#4 /opt/lampp/htdocs/oxiumprint/wp-content/plugins/woocommerce/includes/class-wc-cart.php(1234): do_action('woocommerce_bef...', Object(WC_Cart))
#5 /opt/lampp/htdocs/oxiumprint/wp-content/plugins/woocommerce/includes/class-wc-cart-session.php(140): WC_Cart->calculate_totals()
#6 /opt/lampp/htdocs/oxiumprint/wp-includes/class-wp-hook.php(286): WC_Cart_Session->get_cart_from_session('')
#7 /opt/

2019-06-29T00:24:42+00:00 CRITICAL Uncaught Exception: coode_pc_filterPcs in /opt/lampp/htdocs/oxiumprint/wp-content/plugins/coode-price-calculator/db/Filter.php:10
Stack trace:
#0 /opt/lampp/htdocs/oxiumprint/wp-content/plugins/coode-price-calculator/PriceCalculator.php(108): Filter::get('coode_pc_filter...', '1')
#1 /opt/lampp/htdocs/oxiumprint/wp-includes/class-wp-hook.php(286): PriceCalculator->custom_price_to_cart_item(Object(WC_Cart))
#2 /opt/lampp/htdocs/oxiumprint/wp-includes/class-wp-hook.php(310): WP_Hook->apply_filters(NULL, Array)
#3 /opt/lampp/htdocs/oxiumprint/wp-includes/plugin.php(465): WP_Hook->do_action(Array)
#4 /opt/lampp/htdocs/oxiumprint/wp-content/plugins/woocommerce/includes/class-wc-cart.php(1234): do_action('woocommerce_bef...', Object(WC_Cart))
#5 /opt/lampp/htdocs/oxiumprint/wp-content/plugins/woocommerce/includes/class-wc-cart-session.php(140): WC_Cart->calculate_totals()
#6 /opt/lampp/htdocs/oxiumprint/wp-includes/class-wp-hook.php(286): WC_Cart_Session->get_cart_from_session('')
#7 /opt/lampp/htdocs/oxiumprint/wp

2019-06-29T00:25:00+00:00 CRITICAL Uncaught Exception: SQL Injection attack detected. name changed! in /opt/lampp/htdocs/oxiumprint/wp-content/plugins/coode-price-calculator/db/Filter.php:12
Stack trace:
#0 /opt/lampp/htdocs/oxiumprint/wp-content/plugins/coode-price-calculator/PriceCalculator.php(108): Filter::get('coode_pc_filter...', '1')
#1 /opt/lampp/htdocs/oxiumprint/wp-includes/class-wp-hook.php(286): PriceCalculator->custom_price_to_cart_item(Object(WC_Cart))
#2 /opt/lampp/htdocs/oxiumprint/wp-includes/class-wp-hook.php(310): WP_Hook->apply_filters(NULL, Array)
#3 /opt/lampp/htdocs/oxiumprint/wp-includes/plugin.php(465): WP_Hook->do_action(Array)
#4 /opt/lampp/htdocs/oxiumprint/wp-content/plugins/woocommerce/includes/class-wc-cart.php(1234): do_action('woocommerce_bef...', Object(WC_Cart))
#5 /opt/lampp/htdocs/oxiumprint/wp-content/plugins/woocommerce/includes/class-wc-cart-session.php(140): WC_Cart->calculate_totals()
#6 /opt/lampp/htdocs/oxiumprint/wp-includes/class-wp-hook.php(286): WC_Cart_Session->get_cart_from_session('')
#7 /opt/

2019-06-29T00:25:16+00:00 CRITICAL Uncaught Exception: SQL Injection attack detected. name changed! coode_pc_filterPcs in /opt/lampp/htdocs/oxiumprint/wp-content/plugins/coode-price-calculator/db/Filter.php:12
Stack trace:
#0 /opt/lampp/htdocs/oxiumprint/wp-content/plugins/coode-price-calculator/PriceCalculator.php(108): Filter::get('coode_pc_filter...', '1')
#1 /opt/lampp/htdocs/oxiumprint/wp-includes/class-wp-hook.php(286): PriceCalculator->custom_price_to_cart_item(Object(WC_Cart))
#2 /opt/lampp/htdocs/oxiumprint/wp-includes/class-wp-hook.php(310): WP_Hook->apply_filters(NULL, Array)
#3 /opt/lampp/htdocs/oxiumprint/wp-includes/plugin.php(465): WP_Hook->do_action(Array)
#4 /opt/lampp/htdocs/oxiumprint/wp-content/plugins/woocommerce/includes/class-wc-cart.php(1234): do_action('woocommerce_bef...', Object(WC_Cart))
#5 /opt/lampp/htdocs/oxiumprint/wp-content/plugins/woocommerce/includes/class-wc-cart-session.php(140): WC_Cart->calculate_totals()
#6 /opt/lampp/htdocs/oxiumprint/wp-includes/class-wp-hook.php(286): WC_Cart_Session->get_cart_from_s

2019-06-29T00:25:33+00:00 CRITICAL Uncaught Exception: SQL Injection attack detected. name changed!  in /opt/lampp/htdocs/oxiumprint/wp-content/plugins/coode-price-calculator/db/Filter.php:12
Stack trace:
#0 /opt/lampp/htdocs/oxiumprint/wp-content/plugins/coode-price-calculator/PriceCalculator.php(108): Filter::get('coode_pc_filter...', '1')
#1 /opt/lampp/htdocs/oxiumprint/wp-includes/class-wp-hook.php(286): PriceCalculator->custom_price_to_cart_item(Object(WC_Cart))
#2 /opt/lampp/htdocs/oxiumprint/wp-includes/class-wp-hook.php(310): WP_Hook->apply_filters(NULL, Array)
#3 /opt/lampp/htdocs/oxiumprint/wp-includes/plugin.php(465): WP_Hook->do_action(Array)
#4 /opt/lampp/htdocs/oxiumprint/wp-content/plugins/woocommerce/includes/class-wc-cart.php(1234): do_action('woocommerce_bef...', Object(WC_Cart))
#5 /opt/lampp/htdocs/oxiumprint/wp-content/plugins/woocommerce/includes/class-wc-cart-session.php(140): WC_Cart->calculate_totals()
#6 /opt/lampp/htdocs/oxiumprint/wp-includes/class-wp-hook.php(286): WC_Cart_Session->get_cart_from_session('')
#7 /opt

2019-06-29T00:25:41+00:00 CRITICAL Uncaught Exception: SQL Injection attack detected. name changed! coode_pc_filterPcs in /opt/lampp/htdocs/oxiumprint/wp-content/plugins/coode-price-calculator/db/Filter.php:12
Stack trace:
#0 /opt/lampp/htdocs/oxiumprint/wp-content/plugins/coode-price-calculator/PriceCalculator.php(108): Filter::get('coode_pc_filter...', '1')
#1 /opt/lampp/htdocs/oxiumprint/wp-includes/class-wp-hook.php(286): PriceCalculator->custom_price_to_cart_item(Object(WC_Cart))
#2 /opt/lampp/htdocs/oxiumprint/wp-includes/class-wp-hook.php(310): WP_Hook->apply_filters(NULL, Array)
#3 /opt/lampp/htdocs/oxiumprint/wp-includes/plugin.php(465): WP_Hook->do_action(Array)
#4 /opt/lampp/htdocs/oxiumprint/wp-content/plugins/woocommerce/includes/class-wc-cart.php(1234): do_action('woocommerce_bef...', Object(WC_Cart))
#5 /opt/lampp/htdocs/oxiumprint/wp-content/plugins/woocommerce/includes/class-wc-cart-session.php(140): WC_Cart->calculate_totals()
#6 /opt/lampp/htdocs/oxiumprint/wp-includes/class-wp-hook.php(286): WC_Cart_Session->get_cart_from_s

2019-06-29T00:26:30+00:00 CRITICAL Uncaught Exception: Not product filtered in /opt/lampp/htdocs/oxiumprint/wp-content/plugins/coode-price-calculator/PriceCalculator.php:67
Stack trace:
#0 /opt/lampp/htdocs/oxiumprint/wp-includes/class-wp-hook.php(286): PriceCalculator->update_price('')
#1 /opt/lampp/htdocs/oxiumprint/wp-includes/class-wp-hook.php(310): WP_Hook->apply_filters('', Array)
#2 /opt/lampp/htdocs/oxiumprint/wp-includes/plugin.php(465): WP_Hook->do_action(Array)
#3 /opt/lampp/htdocs/oxiumprint/wp-admin/admin-ajax.php(167): do_action('wp_ajax_rightpr...')
#4 {main}
  thrown

2019-06-29T00:26:31+00:00 CRITICAL Uncaught Exception: Not product filtered in /opt/lampp/htdocs/oxiumprint/wp-content/plugins/coode-price-calculator/PriceCalculator.php:67
Stack trace:
#0 /opt/lampp/htdocs/oxiumprint/wp-includes/class-wp-hook.php(286): PriceCalculator->update_price('')
#1 /opt/lampp/htdocs/oxiumprint/wp-includes/class-wp-hook.php(310): WP_Hook->apply_filters('', Array)
#2 /opt/lampp/htdocs/oxiumprint/wp-includes/plugin.php(465): WP_Hook->do_action(Array)
#3 /opt/lampp/htdocs/oxiumprint/wp-admin/admin-ajax.php(167): do_action('wp_ajax_rightpr...')
#4 {main}
  thrown

2019-06-29T00:31:30+00:00 CRITICAL Uncaught Error: Call to a member function getPrice() on array in /opt/lampp/htdocs/oxiumprint/wp-content/plugins/coode-price-calculator/PriceCalculator.php:110
Stack trace:
#0 /opt/lampp/htdocs/oxiumprint/wp-includes/class-wp-hook.php(286): PriceCalculator->custom_price_to_cart_item(Object(WC_Cart))
#1 /opt/lampp/htdocs/oxiumprint/wp-includes/class-wp-hook.php(310): WP_Hook->apply_filters(NULL, Array)
#2 /opt/lampp/htdocs/oxiumprint/wp-includes/plugin.php(465): WP_Hook->do_action(Array)
#3 /opt/lampp/htdocs/oxiumprint/wp-content/plugins/woocommerce/includes/class-wc-cart.php(1234): do_action('woocommerce_bef...', Object(WC_Cart))
#4 /opt/lampp/htdocs/oxiumprint/wp-content/plugins/woocommerce/includes/class-wc-cart-session.php(140): WC_Cart->calculate_totals()
#5 /opt/lampp/htdocs/oxiumprint/wp-includes/class-wp-hook.php(286): WC_Cart_Session->get_cart_from_session('')
#6 /opt/lampp/htdocs/oxiumprint/wp-includes/class-wp-hook.php(310): WP_Hook->apply_filters(NULL, Array)
#7 /opt/lampp/htdocs/oxiumprint/wp-incl

2019-06-29T00:34:53+00:00 CRITICAL Uncaught Exception in /opt/lampp/htdocs/oxiumprint/wp-content/plugins/coode-price-calculator/PriceCalculator.php:110
Stack trace:
#0 /opt/lampp/htdocs/oxiumprint/wp-includes/class-wp-hook.php(286): PriceCalculator->custom_price_to_cart_item(Object(WC_Cart))
#1 /opt/lampp/htdocs/oxiumprint/wp-includes/class-wp-hook.php(310): WP_Hook->apply_filters(NULL, Array)
#2 /opt/lampp/htdocs/oxiumprint/wp-includes/plugin.php(465): WP_Hook->do_action(Array)
#3 /opt/lampp/htdocs/oxiumprint/wp-content/plugins/woocommerce/includes/class-wc-cart.php(1234): do_action('woocommerce_bef...', Object(WC_Cart))
#4 /opt/lampp/htdocs/oxiumprint/wp-content/plugins/woocommerce/includes/class-wc-cart-session.php(140): WC_Cart->calculate_totals()
#5 /opt/lampp/htdocs/oxiumprint/wp-includes/class-wp-hook.php(286): WC_Cart_Session->get_cart_from_session('')
#6 /opt/lampp/htdocs/oxiumprint/wp-includes/class-wp-hook.php(310): WP_Hook->apply_filters(NULL, Array)
#7 /opt/lampp/htdocs/oxiumprint/wp-includes/plugin.php(465): WP_Hook->do_action(Ar

2019-06-29T00:35:45+00:00 CRITICAL Uncaught Error: Call to a member function getPrice() on array in /opt/lampp/htdocs/oxiumprint/wp-content/plugins/coode-price-calculator/PriceCalculator.php:110
Stack trace:
#0 /opt/lampp/htdocs/oxiumprint/wp-includes/class-wp-hook.php(286): PriceCalculator->custom_price_to_cart_item(Object(WC_Cart))
#1 /opt/lampp/htdocs/oxiumprint/wp-includes/class-wp-hook.php(310): WP_Hook->apply_filters(NULL, Array)
#2 /opt/lampp/htdocs/oxiumprint/wp-includes/plugin.php(465): WP_Hook->do_action(Array)
#3 /opt/lampp/htdocs/oxiumprint/wp-content/plugins/woocommerce/includes/class-wc-cart.php(1234): do_action('woocommerce_bef...', Object(WC_Cart))
#4 /opt/lampp/htdocs/oxiumprint/wp-content/plugins/woocommerce/includes/class-wc-cart-session.php(140): WC_Cart->calculate_totals()
#5 /opt/lampp/htdocs/oxiumprint/wp-includes/class-wp-hook.php(286): WC_Cart_Session->get_cart_from_session('')
#6 /opt/lampp/htdocs/oxiumprint/wp-includes/class-wp-hook.php(310): WP_Hook->apply_filters(NULL, Array)
#7 /opt/lampp/htdocs/oxiumprint/wp-incl

2019-06-29T00:36:15+00:00 CRITICAL Uncaught Error: Call to a member function getPrice() on array in /opt/lampp/htdocs/oxiumprint/wp-content/plugins/coode-price-calculator/PriceCalculator.php:111
Stack trace:
#0 /opt/lampp/htdocs/oxiumprint/wp-includes/class-wp-hook.php(286): PriceCalculator->custom_price_to_cart_item(Object(WC_Cart))
#1 /opt/lampp/htdocs/oxiumprint/wp-includes/class-wp-hook.php(310): WP_Hook->apply_filters(NULL, Array)
#2 /opt/lampp/htdocs/oxiumprint/wp-includes/plugin.php(465): WP_Hook->do_action(Array)
#3 /opt/lampp/htdocs/oxiumprint/wp-content/plugins/woocommerce/includes/class-wc-cart.php(1234): do_action('woocommerce_bef...', Object(WC_Cart))
#4 /opt/lampp/htdocs/oxiumprint/wp-content/plugins/woocommerce/includes/class-wc-cart-session.php(140): WC_Cart->calculate_totals()
#5 /opt/lampp/htdocs/oxiumprint/wp-includes/class-wp-hook.php(286): WC_Cart_Session->get_cart_from_session('')
#6 /opt/lampp/htdocs/oxiumprint/wp-includes/class-wp-hook.php(310): WP_Hook->apply_filters(NULL, Array)
#7 /opt/lampp/htdocs/oxiumprint/wp-incl

2019-06-29T00:37:36+00:00 CRITICAL Uncaught Error: Call to a member function getPrice() on array in /opt/lampp/htdocs/oxiumprint/wp-content/plugins/coode-price-calculator/PriceCalculator.php:111
Stack trace:
#0 /opt/lampp/htdocs/oxiumprint/wp-includes/class-wp-hook.php(286): PriceCalculator->custom_price_to_cart_item(Object(WC_Cart))
#1 /opt/lampp/htdocs/oxiumprint/wp-includes/class-wp-hook.php(310): WP_Hook->apply_filters(NULL, Array)
#2 /opt/lampp/htdocs/oxiumprint/wp-includes/plugin.php(465): WP_Hook->do_action(Array)
#3 /opt/lampp/htdocs/oxiumprint/wp-content/plugins/woocommerce/includes/class-wc-cart.php(1234): do_action('woocommerce_bef...', Object(WC_Cart))
#4 /opt/lampp/htdocs/oxiumprint/wp-content/plugins/woocommerce/includes/class-wc-cart-session.php(140): WC_Cart->calculate_totals()
#5 /opt/lampp/htdocs/oxiumprint/wp-includes/class-wp-hook.php(286): WC_Cart_Session->get_cart_from_session('')
#6 /opt/lampp/htdocs/oxiumprint/wp-includes/class-wp-hook.php(310): WP_Hook->apply_filters(NULL, Array)
#7 /opt/lampp/htdocs/oxiumprint/wp-incl

2019-06-29T00:37:59+00:00 CRITICAL Uncaught Error: Call to a member function getPrice() on array in /opt/lampp/htdocs/oxiumprint/wp-content/plugins/coode-price-calculator/PriceCalculator.php:111
Stack trace:
#0 /opt/lampp/htdocs/oxiumprint/wp-includes/class-wp-hook.php(286): PriceCalculator->custom_price_to_cart_item(Object(WC_Cart))
#1 /opt/lampp/htdocs/oxiumprint/wp-includes/class-wp-hook.php(310): WP_Hook->apply_filters(NULL, Array)
#2 /opt/lampp/htdocs/oxiumprint/wp-includes/plugin.php(465): WP_Hook->do_action(Array)
#3 /opt/lampp/htdocs/oxiumprint/wp-content/plugins/woocommerce/includes/class-wc-cart.php(1234): do_action('woocommerce_bef...', Object(WC_Cart))
#4 /opt/lampp/htdocs/oxiumprint/wp-content/plugins/woocommerce/includes/class-wc-cart-session.php(140): WC_Cart->calculate_totals()
#5 /opt/lampp/htdocs/oxiumprint/wp-includes/class-wp-hook.php(286): WC_Cart_Session->get_cart_from_session('')
#6 /opt/lampp/htdocs/oxiumprint/wp-includes/class-wp-hook.php(310): WP_Hook->apply_filters(NULL, Array)
#7 /opt/lampp/htdocs/oxiumprint/wp-incl

2019-06-29T00:38:26+00:00 CRITICAL Uncaught Exception: 1 in /opt/lampp/htdocs/oxiumprint/wp-content/plugins/coode-price-calculator/PriceCalculator.php:110
Stack trace:
#0 /opt/lampp/htdocs/oxiumprint/wp-includes/class-wp-hook.php(286): PriceCalculator->custom_price_to_cart_item(Object(WC_Cart))
#1 /opt/lampp/htdocs/oxiumprint/wp-includes/class-wp-hook.php(310): WP_Hook->apply_filters(NULL, Array)
#2 /opt/lampp/htdocs/oxiumprint/wp-includes/plugin.php(465): WP_Hook->do_action(Array)
#3 /opt/lampp/htdocs/oxiumprint/wp-content/plugins/woocommerce/includes/class-wc-cart.php(1234): do_action('woocommerce_bef...', Object(WC_Cart))
#4 /opt/lampp/htdocs/oxiumprint/wp-content/plugins/woocommerce/includes/class-wc-cart-session.php(140): WC_Cart->calculate_totals()
#5 /opt/lampp/htdocs/oxiumprint/wp-includes/class-wp-hook.php(286): WC_Cart_Session->get_cart_from_session('')
#6 /opt/lampp/htdocs/oxiumprint/wp-includes/class-wp-hook.php(310): WP_Hook->apply_filters(NULL, Array)
#7 /opt/lampp/htdocs/oxiumprint/wp-includes/plugin.php(465): WP_Hook->do_action

