2019-06-26T01:49:49+00:00 CRITICAL Uncaught Error: Using $this when not in object context in /opt/lampp/htdocs/oxiumprint/wp-content/plugins/coode-price-calculator/db/Product.php:9
Stack trace:
#0 /opt/lampp/htdocs/oxiumprint/wp-content/plugins/coode-price-calculator/db/Product.php(15): Product::table()
#1 /opt/lampp/htdocs/oxiumprint/wp-content/plugins/coode-price-calculator/PriceCalculator.php(20): Product::getById('463')
#2 /opt/lampp/htdocs/oxiumprint/wp-content/plugins/coode-price-calculator/PriceCalculator.php(33): PriceCalculator->getFilter(Array)
#3 /opt/lampp/htdocs/oxiumprint/wp-includes/class-wp-hook.php(286): PriceCalculator->update_price('')
#4 /opt/lampp/htdocs/oxiumprint/wp-includes/class-wp-hook.php(310): WP_Hook->apply_filters('', Array)
#5 /opt/lampp/htdocs/oxiumprint/wp-includes/plugin.php(465): WP_Hook->do_action(Array)
#6 /opt/lampp/htdocs/oxiumprint/wp-admin/admin-ajax.php(167): do_action('wp_ajax_rightpr...')
#7 {main}
  thrown

2019-06-26T01:50:40+00:00 CRITICAL Uncaught Error: Using $this when not in object context in /opt/lampp/htdocs/oxiumprint/wp-content/plugins/coode-price-calculator/db/Product.php:9
Stack trace:
#0 /opt/lampp/htdocs/oxiumprint/wp-content/plugins/coode-price-calculator/db/Product.php(15): Product::table()
#1 /opt/lampp/htdocs/oxiumprint/wp-content/plugins/coode-price-calculator/PriceCalculator.php(20): Product::getById('463')
#2 /opt/lampp/htdocs/oxiumprint/wp-content/plugins/coode-price-calculator/PriceCalculator.php(43): PriceCalculator->getFilter(Array)
#3 /opt/lampp/htdocs/oxiumprint/wp-includes/class-wp-hook.php(286): PriceCalculator->update_price('')
#4 /opt/lampp/htdocs/oxiumprint/wp-includes/class-wp-hook.php(310): WP_Hook->apply_filters('', Array)
#5 /opt/lampp/htdocs/oxiumprint/wp-includes/plugin.php(465): WP_Hook->do_action(Array)
#6 /opt/lampp/htdocs/oxiumprint/wp-admin/admin-ajax.php(167): do_action('wp_ajax_rightpr...')
#7 {main}
  thrown

2019-06-26T01:50:48+00:00 CRITICAL Uncaught Error: Using $this when not in object context in /opt/lampp/htdocs/oxiumprint/wp-content/plugins/coode-price-calculator/db/Product.php:9
Stack trace:
#0 /opt/lampp/htdocs/oxiumprint/wp-content/plugins/coode-price-calculator/db/Product.php(15): Product::table()
#1 /opt/lampp/htdocs/oxiumprint/wp-content/plugins/coode-price-calculator/PriceCalculator.php(20): Product::getById('463')
#2 /opt/lampp/htdocs/oxiumprint/wp-content/plugins/coode-price-calculator/PriceCalculator.php(33): PriceCalculator->getFilter(Array)
#3 /opt/lampp/htdocs/oxiumprint/wp-includes/class-wp-hook.php(286): PriceCalculator->update_price('')
#4 /opt/lampp/htdocs/oxiumprint/wp-includes/class-wp-hook.php(310): WP_Hook->apply_filters('', Array)
#5 /opt/lampp/htdocs/oxiumprint/wp-includes/plugin.php(465): WP_Hook->do_action(Array)
#6 /opt/lampp/htdocs/oxiumprint/wp-admin/admin-ajax.php(167): do_action('wp_ajax_rightpr...')
#7 {main}
  thrown

2019-06-26T01:50:51+00:00 CRITICAL Uncaught Error: Using $this when not in object context in /opt/lampp/htdocs/oxiumprint/wp-content/plugins/coode-price-calculator/db/Product.php:9
Stack trace:
#0 /opt/lampp/htdocs/oxiumprint/wp-content/plugins/coode-price-calculator/db/Product.php(15): Product::table()
#1 /opt/lampp/htdocs/oxiumprint/wp-content/plugins/coode-price-calculator/PriceCalculator.php(20): Product::getById('463')
#2 /opt/lampp/htdocs/oxiumprint/wp-content/plugins/coode-price-calculator/PriceCalculator.php(33): PriceCalculator->getFilter(Array)
#3 /opt/lampp/htdocs/oxiumprint/wp-includes/class-wp-hook.php(286): PriceCalculator->update_price('')
#4 /opt/lampp/htdocs/oxiumprint/wp-includes/class-wp-hook.php(310): WP_Hook->apply_filters('', Array)
#5 /opt/lampp/htdocs/oxiumprint/wp-includes/plugin.php(465): WP_Hook->do_action(Array)
#6 /opt/lampp/htdocs/oxiumprint/wp-admin/admin-ajax.php(167): do_action('wp_ajax_rightpr...')
#7 {main}
  thrown

2019-06-26T01:54:40+00:00 CRITICAL Uncaught Exception: sorongueti in /opt/lampp/htdocs/oxiumprint/wp-content/plugins/coode-price-calculator/PriceCalculator.php:27
Stack trace:
#0 /opt/lampp/htdocs/oxiumprint/wp-content/plugins/coode-price-calculator/PriceCalculator.php(39): PriceCalculator->getFilter(Array)
#1 /opt/lampp/htdocs/oxiumprint/wp-includes/class-wp-hook.php(286): PriceCalculator->update_price('')
#2 /opt/lampp/htdocs/oxiumprint/wp-includes/class-wp-hook.php(310): WP_Hook->apply_filters('', Array)
#3 /opt/lampp/htdocs/oxiumprint/wp-includes/plugin.php(465): WP_Hook->do_action(Array)
#4 /opt/lampp/htdocs/oxiumprint/wp-admin/admin-ajax.php(167): do_action('wp_ajax_rightpr...')
#5 {main}
  thrown

2019-06-26T03:10:59+00:00 CRITICAL Uncaught Error: Call to undefined function strotolower() in /opt/lampp/htdocs/oxiumprint/wp-content/plugins/coode-price-calculator/PriceCalculator.php:28
Stack trace:
#0 /opt/lampp/htdocs/oxiumprint/wp-content/plugins/coode-price-calculator/PriceCalculator.php(47): PriceCalculator->getFilter(Array)
#1 /opt/lampp/htdocs/oxiumprint/wp-includes/class-wp-hook.php(286): PriceCalculator->update_price('')
#2 /opt/lampp/htdocs/oxiumprint/wp-includes/class-wp-hook.php(310): WP_Hook->apply_filters('', Array)
#3 /opt/lampp/htdocs/oxiumprint/wp-includes/plugin.php(465): WP_Hook->do_action(Array)
#4 /opt/lampp/htdocs/oxiumprint/wp-admin/admin-ajax.php(167): do_action('wp_ajax_rightpr...')
#5 {main}
  thrown

2019-06-26T03:11:02+00:00 CRITICAL Uncaught Error: Call to undefined function strotolower() in /opt/lampp/htdocs/oxiumprint/wp-content/plugins/coode-price-calculator/PriceCalculator.php:28
Stack trace:
#0 /opt/lampp/htdocs/oxiumprint/wp-content/plugins/coode-price-calculator/PriceCalculator.php(47): PriceCalculator->getFilter(Array)
#1 /opt/lampp/htdocs/oxiumprint/wp-includes/class-wp-hook.php(286): PriceCalculator->update_price('')
#2 /opt/lampp/htdocs/oxiumprint/wp-includes/class-wp-hook.php(310): WP_Hook->apply_filters('', Array)
#3 /opt/lampp/htdocs/oxiumprint/wp-includes/plugin.php(465): WP_Hook->do_action(Array)
#4 /opt/lampp/htdocs/oxiumprint/wp-admin/admin-ajax.php(167): do_action('wp_ajax_rightpr...')
#5 {main}
  thrown

2019-06-26T04:25:42+00:00 CRITICAL Uncaught Error: Using $this when not in object context in /opt/lampp/htdocs/oxiumprint/wp-content/plugins/coode-price-calculator/db/FilterSqf.php:9
Stack trace:
#0 /opt/lampp/htdocs/oxiumprint/wp-content/plugins/coode-price-calculator/db/FilterSqf.php(34): FilterSqf::table()
#1 /opt/lampp/htdocs/oxiumprint/wp-content/plugins/coode-price-calculator/db/FilterSqf.php(41): FilterSqf::getById('1')
#2 /opt/lampp/htdocs/oxiumprint/wp-content/plugins/coode-price-calculator/PriceCalculator.php(60): FilterSqf::getPrice('1', Array)
#3 /opt/lampp/htdocs/oxiumprint/wp-includes/class-wp-hook.php(286): PriceCalculator->update_price('')
#4 /opt/lampp/htdocs/oxiumprint/wp-includes/class-wp-hook.php(310): WP_Hook->apply_filters('', Array)
#5 /opt/lampp/htdocs/oxiumprint/wp-includes/plugin.php(465): WP_Hook->do_action(Array)
#6 /opt/lampp/htdocs/oxiumprint/wp-admin/admin-ajax.php(167): do_action('wp_ajax_rightpr...')
#7 {main}
  thrown

2019-06-26T04:26:48+00:00 CRITICAL Uncaught Exception: Invalid value to filter property in /opt/lampp/htdocs/oxiumprint/wp-content/plugins/coode-price-calculator/db/FilterSqf.php:28
Stack trace:
#0 /opt/lampp/htdocs/oxiumprint/wp-content/plugins/coode-price-calculator/db/FilterSqf.php(53): FilterSqf::mapProperty(1700)
#1 /opt/lampp/htdocs/oxiumprint/wp-content/plugins/coode-price-calculator/PriceCalculator.php(60): FilterSqf::getPrice('1', Array)
#2 /opt/lampp/htdocs/oxiumprint/wp-includes/class-wp-hook.php(286): PriceCalculator->update_price('')
#3 /opt/lampp/htdocs/oxiumprint/wp-includes/class-wp-hook.php(310): WP_Hook->apply_filters('', Array)
#4 /opt/lampp/htdocs/oxiumprint/wp-includes/plugin.php(465): WP_Hook->do_action(Array)
#5 /opt/lampp/htdocs/oxiumprint/wp-admin/admin-ajax.php(167): do_action('wp_ajax_rightpr...')
#6 {main}
  thrown

2019-06-26T04:42:49+00:00 CRITICAL Uncaught Error: Class name must be a valid object or a string in /opt/lampp/htdocs/oxiumprint/wp-content/plugins/coode-price-calculator/PriceCalculator.php:60
Stack trace:
#0 /opt/lampp/htdocs/oxiumprint/wp-includes/class-wp-hook.php(286): PriceCalculator->update_price('')
#1 /opt/lampp/htdocs/oxiumprint/wp-includes/class-wp-hook.php(310): WP_Hook->apply_filters('', Array)
#2 /opt/lampp/htdocs/oxiumprint/wp-includes/plugin.php(465): WP_Hook->do_action(Array)
#3 /opt/lampp/htdocs/oxiumprint/wp-admin/admin-ajax.php(167): do_action('wp_ajax_rightpr...')
#4 {main}
  thrown

2019-06-26T05:12:32+00:00 CRITICAL Uncaught Error: Unsupported operand types in /opt/lampp/htdocs/oxiumprint/wp-content/plugins/coode-price-calculator/db/FilterSqf.php:60
Stack trace:
#0 /opt/lampp/htdocs/oxiumprint/wp-content/plugins/coode-price-calculator/PriceCalculator.php(61): FilterSqf::getPrice('1', Array)
#1 /opt/lampp/htdocs/oxiumprint/wp-includes/class-wp-hook.php(286): PriceCalculator->update_price('')
#2 /opt/lampp/htdocs/oxiumprint/wp-includes/class-wp-hook.php(310): WP_Hook->apply_filters('', Array)
#3 /opt/lampp/htdocs/oxiumprint/wp-includes/plugin.php(465): WP_Hook->do_action(Array)
#4 /opt/lampp/htdocs/oxiumprint/wp-admin/admin-ajax.php(167): do_action('wp_ajax_rightpr...')
#5 {main}
  thrown

2019-06-26T06:31:32+00:00 CRITICAL Uncaught Error: Call to undefined method FilterPcs::mapProperty() in /opt/lampp/htdocs/oxiumprint/wp-content/plugins/coode-price-calculator/db/FilterPcs.php:33
Stack trace:
#0 /opt/lampp/htdocs/oxiumprint/wp-content/plugins/coode-price-calculator/PriceCalculator.php(61): FilterPcs::getPrice('1', Array)
#1 /opt/lampp/htdocs/oxiumprint/wp-includes/class-wp-hook.php(286): PriceCalculator->update_price('')
#2 /opt/lampp/htdocs/oxiumprint/wp-includes/class-wp-hook.php(310): WP_Hook->apply_filters('', Array)
#3 /opt/lampp/htdocs/oxiumprint/wp-includes/plugin.php(465): WP_Hook->do_action(Array)
#4 /opt/lampp/htdocs/oxiumprint/wp-admin/admin-ajax.php(167): do_action('wp_ajax_rightpr...')
#5 {main}
  thrown

